 ⚠ Fast Refresh had to perform a full reload. Read more: https://nextjs.org/docs/messages/fast-refresh-reload
 ⨯ [Error: ENOENT: no such file or directory, open 'C:\Users\leelark.saxena\Desktop\Legent - v1.0.2\frontend\.next\routes-manifest.json'] {
  errno: -4058,
  code: 'ENOENT',
  syscall: 'open',
  path: 'C:\\Users\\leelark.saxena\\Desktop\\Legent - v1.0.2\\frontend\\.next\\routes-manifest.json',
  page: '/'
}
 ⨯ [Error: ENOENT: no such file or directory, open 'C:\Users\leelark.saxena\Desktop\Legent - v1.0.2\frontend\.next\routes-manifest.json'] {
  errno: -4058,
  code: 'ENOENT',
  syscall: 'open',
  path: 'C:\\Users\\leelark.saxena\\Desktop\\Legent - v1.0.2\\frontend\\.next\\routes-manifest.json'
}
[Error: ENOENT: no such file or directory, open 'C:\Users\leelark.saxena\Desktop\Legent - v1.0.2\frontend\.next\routes-manifest.json'] {
  errno: -4058,
  code: 'ENOENT',
  syscall: 'open',
  path: 'C:\\Users\\leelark.saxena\\Desktop\\Legent - v1.0.2\\frontend\\.next\\routes-manifest.json',
  page: '/'
}
 ⨯ [Error: ENOENT: no such file or directory, open 'C:\Users\leelark.saxena\Desktop\Legent - v1.0.2\frontend\.next\routes-manifest.json'] {
  errno: -4058,
  code: 'ENOENT',
  syscall: 'open',
  path: 'C:\\Users\\leelark.saxena\\Desktop\\Legent - v1.0.2\\frontend\\.next\\routes-manifest.json'
}
[Error: ENOENT: no such file or directory, open 'C:\Users\leelark.saxena\Desktop\Legent - v1.0.2\frontend\.next\routes-manifest.json'] {
  errno: -4058,
  code: 'ENOENT',
  syscall: 'open',
  path: 'C:\\Users\\leelark.saxena\\Desktop\\Legent - v1.0.2\\frontend\\.next\\routes-manifest.json'
}
