
> legent-email-studio-frontend@1.0.0 dev
> next dev --hostname 127.0.0.1 --port 3000

   ▲ Next.js 15.5.16
   - Local:        http://127.0.0.1:3000
   - Network:      http://127.0.0.1:3000

 ✓ Starting...
 ✓ Ready in 19.8s
 ○ Compiling / ...
 ✓ Compiled / in 15.6s (1636 modules)
 GET / 200 in 1433ms
 GET / 200 in 955ms
 GET / 200 in 526ms
 ○ Compiling /features ...
 ✓ Compiled /features in 44.7s (1652 modules)
 GET /features 200 in 57828ms
 GET / 200 in 1224ms
 GET /features 200 in 1666ms
 ○ Compiling /modules ...
 ✓ Compiled /modules in 8.5s (1654 modules)
 GET /modules 200 in 14980ms
 ○ Compiling /pricing ...
 ✓ Compiled /pricing in 5.4s (1642 modules)
 GET /pricing 200 in 10118ms
 ○ Compiling /signup ...
 ✓ Compiled /signup in 21s (1664 modules)
 GET /signup 200 in 23767ms
 ○ Compiling /onboarding ...
 ✓ Compiled /onboarding in 7.9s (1669 modules)
 GET /onboarding 200 in 10932ms
 ○ Compiling /app/email ...
 ✓ Compiled /app/email in 106.7s (10812 modules)
 GET / 200 in 2546ms
 GET /features 200 in 2019ms
 GET /modules 200 in 1036ms
 GET /pricing 200 in 1544ms
 GET /signup 200 in 1441ms
 GET /onboarding 200 in 2434ms
 GET /app/email 200 in 716ms
 ○ Compiling /login ...
 ✓ Compiled /login in 21.4s (10815 modules)
 GET /login 200 in 23430ms
 ○ Compiling / ...
 ✓ Compiled / in 5.3s (5527 modules)
 GET / 200 in 9125ms
 ○ Compiling /features ...
 ✓ Compiled /features in 9.8s (5527 modules)
 GET /features 200 in 13353ms
 ○ Compiling /modules ...
 ✓ Compiled /modules in 4.7s (5525 modules)
 GET /modules 200 in 8065ms
 ○ Compiling /pricing ...
 ✓ Compiled /pricing in 4.3s (5523 modules)
 GET /pricing 200 in 7283ms
 ○ Compiling /signup ...
 ✓ Compiled /signup in 1998ms (952 modules)
 GET /signup 200 in 5249ms
 ○ Compiling /onboarding ...
 ✓ Compiled /onboarding in 4.4s (956 modules)
 GET /onboarding 200 in 8344ms
 ○ Compiling /app/email ...
 ✓ Compiled /app/email in 5.6s (5527 modules)
 GET /app/email 200 in 8676ms
 ○ Compiling /app/email/templates ...
 ✓ Compiled /app/email/templates in 21.8s (10821 modules)
 GET /app/email/templates 200 in 24950ms
 ○ Compiling /app/audience ...
 ✓ Compiled /app/audience in 11s (10827 modules)
 GET /app/audience 200 in 14083ms
 ○ Compiling /app/audience/subscribers ...
 ✓ Compiled /app/audience/subscribers in 8.8s (10845 modules)
 GET /app/audience/subscribers 200 in 11672ms
 ○ Compiling /app/campaigns ...
 ✓ Compiled /app/campaigns in 12.4s (10824 modules)
 GET /app/campaigns 200 in 14735ms
 ○ Compiling /app/campaigns/new ...
 ✓ Compiled /app/campaigns/new in 14.6s (10828 modules)
 GET /app/campaigns/new 200 in 19779ms
 ○ Compiling /app/launch ...
 ✓ Compiled /app/launch in 25s (10489 modules)
 GET /app/launch 200 in 27128ms
 ○ Compiling /app/campaigns/[id]/tracking ...
 ✓ Compiled /app/campaigns/[id]/tracking in 12.2s (10491 modules)
 GET /app/campaigns/cmp-spring/tracking 200 in 23248ms
 ○ Compiling /app/automation ...
 ✓ Compiled /app/automation in 16.9s (10488 modules)
 GET /app/automation 200 in 19133ms
 ○ Compiling /app/deliverability ...
 ✓ Compiled /app/deliverability in 16.7s (10496 modules)
 GET /app/deliverability 200 in 20765ms
 ○ Compiling /app/analytics ...
 ✓ Compiled /app/analytics in 29.6s (10508 modules)
 GET /app/analytics 200 in 32265ms
 ○ Compiling /app/admin ...
 ✓ Compiled /app/admin in 30.9s (10931 modules)
 GET /app/admin 200 in 34774ms
 ○ Compiling /app/settings/platform ...
 ✓ Compiled /app/settings/platform in 9.5s (10959 modules)
 GET /app/settings/platform 200 in 12618ms
 ○ Compiling / ...
 ✓ Compiled / in 16s (5590 modules)
 GET / 200 in 18530ms
 ○ Compiling /features ...
 ✓ Compiled /features in 10.8s (5585 modules)
 GET /features 200 in 16194ms
 ○ Compiling /modules ...
 ✓ Compiled /modules in 10.9s (5587 modules)
 GET /modules 200 in 19173ms
 ○ Compiling /pricing ...
 ✓ Compiled /pricing in 5.3s (5582 modules)
 GET /pricing 200 in 8706ms
 ○ Compiling /signup ...
 ✓ Compiled /signup in 10.2s (5545 modules)
 GET /signup 200 in 14140ms
 ○ Compiling /onboarding ...
 ✓ Compiled /onboarding in 3.7s (5549 modules)
 GET /onboarding 200 in 7837ms
 ○ Compiling /app/email ...
 ✓ Compiled /app/email in 16s (5527 modules)
 GET /app/email 200 in 17989ms
 ○ Compiling /app/email/templates ...
 ✓ Compiled /app/email/templates in 9.7s (5532 modules)
 GET /app/email/templates 200 in 11627ms
 ○ Compiling /app/audience ...
 ✓ Compiled /app/audience in 5s (5537 modules)
 GET /app/audience 200 in 7477ms
 ○ Compiling /app/audience/subscribers ...
 ✓ Compiled /app/audience/subscribers in 8.4s (5546 modules)
 GET /app/audience/subscribers 200 in 11165ms
 ○ Compiling /app/campaigns ...
 ✓ Compiled /app/campaigns in 4.7s (5522 modules)
 GET /app/campaigns 200 in 7758ms
 ○ Compiling /app/campaigns/new ...
 ✓ Compiled /app/campaigns/new in 5.2s (5524 modules)
 GET /app/campaigns/new 200 in 7462ms
 ○ Compiling /app/launch ...
 ✓ Compiled /app/launch in 7.1s (5172 modules)
 GET /app/launch 200 in 8937ms
 ○ Compiling /app/campaigns/[id]/tracking ...
 ✓ Compiled /app/campaigns/[id]/tracking in 6.7s (5172 modules)
 GET /app/campaigns/cmp-spring/tracking 200 in 9848ms
 ○ Compiling /app/automation ...
 ✓ Compiled /app/automation in 12.5s (5173 modules)
 GET /app/automation 200 in 15799ms
 ○ Compiling /app/deliverability ...
 ✓ Compiled /app/deliverability in 5.9s (5172 modules)
 GET /app/deliverability 200 in 8877ms
 ○ Compiling /app/analytics ...
 ✓ Compiled /app/analytics in 10s (5177 modules)
 GET /app/analytics 200 in 13187ms
 ○ Compiling /app/admin ...
 ✓ Compiled /app/admin in 8s (5568 modules)
 GET /app/admin 200 in 10569ms
 ○ Compiling /app/settings/platform ...
 ✓ Compiled /app/settings/platform in 17.3s (5582 modules)
 GET /app/settings/platform 200 in 30815ms
 ○ Compiling / ...
 ✓ Compiled / in 25.8s (5590 modules)
 ○ Compiling /_error ...
 ✓ Compiled /_error in 54.2s (11334 modules)
 ○ Compiling /api/health ...
